C:\USERS\ADMIN\DOCUMENTS\PROGRAMMING\C PROJECTS\HACKING\PROJECT2\PROJECT2\RELEASE\MAIN.OBJ
C:\USERS\ADMIN\DOCUMENTS\PROGRAMMING\C PROJECTS\HACKING\PROJECT2\PROJECT2\RELEASE\ITEMTIMER.OBJ
C:\USERS\ADMIN\DOCUMENTS\PROGRAMMING\C PROJECTS\HACKING\PROJECT2\PROJECT2\RELEASE\VC110.PDB
C:\USERS\ADMIN\DOCUMENTS\PROGRAMMING\C PROJECTS\HACKING\PROJECT2\RELEASE\PROJECT2.EXE
C:\USERS\ADMIN\DOCUMENTS\PROGRAMMING\C PROJECTS\HACKING\PROJECT2\RELEASE\PROJECT2.PDB
C:\Users\Admin\Documents\Programming\C Projects\Hacking\Project2\Project2\Release\itemTimer.obj
C:\Users\Admin\Documents\Programming\C Projects\Hacking\Project2\Project2\Release\main.obj
C:\Users\Admin\Documents\Programming\C Projects\Hacking\Project2\Project2\Release\cl.command.1.tlog
C:\Users\Admin\Documents\Programming\C Projects\Hacking\Project2\Project2\Release\CL.read.1.tlog
C:\Users\Admin\Documents\Programming\C Projects\Hacking\Project2\Project2\Release\CL.write.1.tlog
C:\Users\Admin\Documents\Programming\C Projects\Hacking\Project2\Project2\Release\link-cvtres.read.1.tlog
C:\Users\Admin\Documents\Programming\C Projects\Hacking\Project2\Project2\Release\link-cvtres.write.1.tlog
C:\Users\Admin\Documents\Programming\C Projects\Hacking\Project2\Project2\Release\link-rc.read.1.tlog
C:\Users\Admin\Documents\Programming\C Projects\Hacking\Project2\Project2\Release\link-rc.write.1.tlog
C:\Users\Admin\Documents\Programming\C Projects\Hacking\Project2\Project2\Release\link.command.1.tlog
C:\Users\Admin\Documents\Programming\C Projects\Hacking\Project2\Project2\Release\link.read.1.tlog
C:\Users\Admin\Documents\Programming\C Projects\Hacking\Project2\Project2\Release\link.write.1.tlog
C:\Users\Admin\Documents\Programming\C Projects\Hacking\Project2\Project2\Release\vc110.pdb
C:\Users\Admin\Documents\Programming\C Projects\Hacking\Project2\Release\Project2.pdb
C:\Users\Admin\Documents\Programming\C Projects\Hacking\Project2\Release\Project2.exe
