C:\USERS\ADMIN\DOCUMENTS\PROGRAMMING\C PROJECTS\HACKING\PROJECT2\PROJECT2\DEBUG\ITEMTIMER.OBJ
C:\USERS\ADMIN\DOCUMENTS\PROGRAMMING\C PROJECTS\HACKING\PROJECT2\PROJECT2\DEBUG\MAIN.OBJ
C:\USERS\ADMIN\DOCUMENTS\PROGRAMMING\C PROJECTS\HACKING\PROJECT2\PROJECT2\DEBUG\VC110.PDB
C:\USERS\ADMIN\DOCUMENTS\PROGRAMMING\C PROJECTS\HACKING\PROJECT2\DEBUG\PROJECT2.ILK
C:\USERS\ADMIN\DOCUMENTS\PROGRAMMING\C PROJECTS\HACKING\PROJECT2\DEBUG\PROJECT2.EXE
C:\USERS\ADMIN\DOCUMENTS\PROGRAMMING\C PROJECTS\HACKING\PROJECT2\DEBUG\PROJECT2.PDB
C:\Users\Admin\Documents\Programming\C Projects\Hacking\Project2\Project2\Debug\itemTimer.obj
C:\Users\Admin\Documents\Programming\C Projects\Hacking\Project2\Project2\Debug\main.obj
C:\Users\Admin\Documents\Programming\C Projects\Hacking\Project2\Project2\Debug\cl.command.1.tlog
C:\Users\Admin\Documents\Programming\C Projects\Hacking\Project2\Project2\Debug\CL.read.1.tlog
C:\Users\Admin\Documents\Programming\C Projects\Hacking\Project2\Project2\Debug\CL.write.1.tlog
C:\Users\Admin\Documents\Programming\C Projects\Hacking\Project2\Project2\Debug\link-cvtres.read.1.tlog
C:\Users\Admin\Documents\Programming\C Projects\Hacking\Project2\Project2\Debug\link-cvtres.write.1.tlog
C:\Users\Admin\Documents\Programming\C Projects\Hacking\Project2\Project2\Debug\link-rc.read.1.tlog
C:\Users\Admin\Documents\Programming\C Projects\Hacking\Project2\Project2\Debug\link-rc.write.1.tlog
C:\Users\Admin\Documents\Programming\C Projects\Hacking\Project2\Project2\Debug\link.command.1.tlog
C:\Users\Admin\Documents\Programming\C Projects\Hacking\Project2\Project2\Debug\link.read.1.tlog
C:\Users\Admin\Documents\Programming\C Projects\Hacking\Project2\Project2\Debug\link.write.1.tlog
C:\Users\Admin\Documents\Programming\C Projects\Hacking\Project2\Project2\Debug\vc110.idb
C:\Users\Admin\Documents\Programming\C Projects\Hacking\Project2\Project2\Debug\vc110.pdb
C:\Users\Admin\Documents\Programming\C Projects\Hacking\Project2\Debug\Project2.pdb
C:\Users\Admin\Documents\Programming\C Projects\Hacking\Project2\Debug\Project2.exe
C:\Users\Admin\Documents\Programming\C Projects\Hacking\Project2\Debug\Project2.ilk
